Started GET "/" for ::1 at 2020-04-17 23:15:12 -0700
Processing by StaticPagesController#root as HTML
  Rendering static_pages/root.html.erb within layouts/application
  Rendered static_pages/root.html.erb within layouts/application (1.1ms)
Completed 200 OK in 726ms (Views: 725.8ms | ActiveRecord: 0.0ms)


Started GET "/" for ::1 at 2020-04-17 23:42:31 -0700
Processing by StaticPagesController#root as HTML
  Rendering static_pages/root.html.erb within layouts/application
  Rendered static_pages/root.html.erb within layouts/application (0.4ms)
Completed 200 OK in 370ms (Views: 370.1ms | ActiveRecord: 0.0ms)


Started GET "/" for ::1 at 2020-04-18 23:25:04 -0700
Processing by StaticPagesController#root as HTML
  Rendering static_pages/root.html.erb within layouts/application
  Rendered static_pages/root.html.erb within layouts/application (1.0ms)
Completed 200 OK in 1833ms (Views: 1832.2ms | ActiveRecord: 0.0ms)


Started GET "/" for ::1 at 2020-04-18 23:26:41 -0700
Processing by StaticPagesController#root as HTML
  Rendering static_pages/root.html.erb within layouts/application
  Rendered static_pages/root.html.erb within layouts/application (0.8ms)
Completed 200 OK in 194ms (Views: 194.2ms | ActiveRecord: 0.0ms)


Started GET "/" for ::1 at 2020-04-18 23:27:44 -0700
Processing by StaticPagesController#root as HTML
  Rendering static_pages/root.html.erb within layouts/application
  Rendered static_pages/root.html.erb within layouts/application (0.8ms)
Completed 200 OK in 320ms (Views: 319.7ms | ActiveRecord: 0.0ms)


Started GET "/" for ::1 at 2020-04-18 23:28:54 -0700
Processing by StaticPagesController#root as HTML
  Rendering static_pages/root.html.erb within layouts/application
  Rendered static_pages/root.html.erb within layouts/application (0.5ms)
Completed 200 OK in 335ms (Views: 334.9ms | ActiveRecord: 0.0ms)


Started GET "/" for ::1 at 2020-04-18 23:30:55 -0700
Processing by StaticPagesController#root as HTML
  Rendering static_pages/root.html.erb within layouts/application
  Rendered static_pages/root.html.erb within layouts/application (0.3ms)
Completed 200 OK in 309ms (Views: 309.2ms | ActiveRecord: 0.0ms)


Started GET "/" for ::1 at 2020-04-18 23:31:28 -0700
Processing by StaticPagesController#root as HTML
  Rendering static_pages/root.html.erb within layouts/application
  Rendered static_pages/root.html.erb within layouts/application (0.3ms)
Completed 200 OK in 309ms (Views: 308.8ms | ActiveRecord: 0.0ms)


Started GET "/" for ::1 at 2020-04-18 23:32:11 -0700
Processing by StaticPagesController#root as HTML
  Rendering static_pages/root.html.erb within layouts/application
  Rendered static_pages/root.html.erb within layouts/application (1.3ms)
Completed 200 OK in 319ms (Views: 318.5ms | ActiveRecord: 0.0ms)


Started GET "/" for ::1 at 2020-04-18 23:34:20 -0700
Processing by StaticPagesController#root as HTML
  Rendering static_pages/root.html.erb within layouts/application
  Rendered static_pages/root.html.erb within layouts/application (0.3ms)
Completed 200 OK in 338ms (Views: 337.8ms | ActiveRecord: 0.0ms)


Started GET "/" for ::1 at 2020-04-18 23:35:12 -0700
Processing by StaticPagesController#root as HTML
  Rendering static_pages/root.html.erb within layouts/application
  Rendered static_pages/root.html.erb within layouts/application (0.4ms)
Completed 200 OK in 311ms (Views: 311.0ms | ActiveRecord: 0.0ms)


Started GET "/" for ::1 at 2020-04-18 23:35:44 -0700
Processing by StaticPagesController#root as HTML
  Rendering static_pages/root.html.erb within layouts/application
  Rendered static_pages/root.html.erb within layouts/application (0.3ms)
Completed 200 OK in 308ms (Views: 307.6ms | ActiveRecord: 0.0ms)


Started GET "/" for ::1 at 2020-04-18 23:40:59 -0700
Processing by StaticPagesController#root as HTML
  Rendering static_pages/root.html.erb within layouts/application
  Rendered static_pages/root.html.erb within layouts/application (0.3ms)
Completed 200 OK in 312ms (Views: 311.4ms | ActiveRecord: 0.0ms)


Started GET "/" for ::1 at 2020-04-18 23:44:18 -0700
Processing by StaticPagesController#root as HTML
  Rendering static_pages/root.html.erb within layouts/application
  Rendered static_pages/root.html.erb within layouts/application (1.3ms)
Completed 200 OK in 1861ms (Views: 1860.6ms | ActiveRecord: 0.0ms)


Started GET "/" for ::1 at 2020-04-18 23:46:04 -0700
Processing by StaticPagesController#root as HTML
  Rendering static_pages/root.html.erb within layouts/application
  Rendered static_pages/root.html.erb within layouts/application (0.5ms)
Completed 200 OK in 339ms (Views: 338.9ms | ActiveRecord: 0.0ms)


Started GET "/" for ::1 at 2020-04-18 23:47:35 -0700
Processing by StaticPagesController#root as HTML
  Rendering static_pages/root.html.erb within layouts/application
  Rendered static_pages/root.html.erb within layouts/application (0.6ms)
Completed 200 OK in 41ms (Views: 41.0ms | ActiveRecord: 0.0ms)


Started GET "/" for ::1 at 2020-04-18 23:48:00 -0700
Processing by StaticPagesController#root as HTML
  Rendering static_pages/root.html.erb within layouts/application
  Rendered static_pages/root.html.erb within layouts/application (0.3ms)
Completed 200 OK in 331ms (Views: 331.3ms | ActiveRecord: 0.0ms)


